<?xml version="1.0" encoding="UTF-8"?>
<testsuite name="GreeterTest" tests="1" skipped="0" failures="0" errors="0" timestamp="2022-03-16T20:59:24" hostname="artix" time="0.054">
  <properties/>
  <testcase name="testThatGreeterReturnsTheCorrectGreeting" classname="GreeterTest" time="0.054"/>
  <system-out><![CDATA[]]></system-out>
  <system-err><![CDATA[]]></system-err>
</testsuite>
