<?xml version="1.0" encoding="UTF-8"?>
<testsuite name="RemoteControlCarTest" tests="3" skipped="0" failures="0" errors="0" timestamp="2022-04-13T07:22:12" hostname="DESKTOP-Q5TTQBG" time="0.05">
  <properties/>
  <testcase name="race" classname="RemoteControlCarTest" time="0.045"/>
  <testcase name="rankCars" classname="RemoteControlCarTest" time="0.001"/>
  <testcase name="ensureCarsAreComparables" classname="RemoteControlCarTest" time="0.003"/>
  <system-out><![CDATA[]]></system-out>
  <system-err><![CDATA[]]></system-err>
</testsuite>
